2024-07-30 00:13:31.457 | INFO     | __main__:omprint:31 - pending_processes: [{'uuid': '281e0024-f3da-4c86-9d96-bf07d8f0c5c9', 'url': 'https://www.es.kayak.com/hotels/Hotel-Metropole,Monte-Carlo,Monaco-p2598516-h83084-details/2024-08-09/2024-08-11/2adults?psid=msCEEZ4ufc&pm=daybase#overview', 'language': 'English', 'voice': 'Joanna', 'property_type': 'Hotel', 'property_name': '', 'number_images': 2, 'url_video': '', 'fecha_creacion': '2024-07-30T04:13:31.456031+00:00', 'fecha_modificacion': '2024-07-30T04:13:31.456031+00:00', 'estado': 'pendiente'}]
2024-07-30 00:13:31.459 | INFO     | __main__:omprint:31 - Ejecutando el proceso ID: 281e0024-f3da-4c86-9d96-bf07d8f0c5c9
2024-07-30 00:13:56.083 | INFO     | __main__:omprint:31 - Ya hay un proceso en ejecución.
2024-07-30 00:14:15.942 | INFO     | __main__:omprint:31 - carousel_div: JSHandle@node
2024-07-30 00:14:16.103 | INFO     | __main__:omprint:31 - img_elements: [<JSHandle preview=JSHandle@node>, <JSHandle preview=JSHandle@node>, <JSHandle preview=JSHandle@node>, <JSHandle preview=JSHandle@node>, <JSHandle preview=JSHandle@node>, <JSHandle preview=JSHandle@node>, <JSHandle preview=JSHandle@node>, <JSHandle preview=JSHandle@node>, <JSHandle preview=JSHandle@node>, <JSHandle preview=JSHandle@node>, <JSHandle preview=JSHandle@node>, <JSHandle preview=JSHandle@node>, <JSHandle preview=JSHandle@node>, <JSHandle preview=JSHandle@node>, <JSHandle preview=JSHandle@node>, <JSHandle preview=JSHandle@node>, <JSHandle preview=JSHandle@node>, <JSHandle preview=JSHandle@node>, <JSHandle preview=JSHandle@node>, <JSHandle preview=JSHandle@node>, <JSHandle preview=JSHandle@node>, <JSHandle preview=JSHandle@node>, <JSHandle preview=JSHandle@node>, <JSHandle preview=JSHandle@node>, <JSHandle preview=JSHandle@node>, <JSHandle preview=JSHandle@node>, <JSHandle preview=JSHandle@node>, <JSHandle preview=JSHandle@node>, <JSHandle preview=JSHandle@node>, <JSHandle preview=JSHandle@node>, <JSHandle preview=JSHandle@node>, <JSHandle preview=JSHandle@node>, <JSHandle preview=JSHandle@node>, <JSHandle preview=JSHandle@node>, <JSHandle preview=JSHandle@node>, <JSHandle preview=JSHandle@node>, <JSHandle preview=JSHandle@node>, <JSHandle preview=JSHandle@node>, <JSHandle preview=JSHandle@node>, <JSHandle preview=JSHandle@node>, <JSHandle preview=JSHandle@node>, <JSHandle preview=JSHandle@node>, <JSHandle preview=JSHandle@node>, <JSHandle preview=JSHandle@node>, <JSHandle preview=JSHandle@node>, <JSHandle preview=JSHandle@node>, <JSHandle preview=JSHandle@node>, <JSHandle preview=JSHandle@node>, <JSHandle preview=JSHandle@node>, <JSHandle preview=JSHandle@node>, <JSHandle preview=JSHandle@node>, <JSHandle preview=JSHandle@node>, <JSHandle preview=JSHandle@node>, <JSHandle preview=JSHandle@node>, <JSHandle preview=JSHandle@node>, <JSHandle preview=JSHandle@node>, <JSHandle preview=JSHandle@node>, <JSHandle preview=JSHandle@node>, <JSHandle preview=JSHandle@node>, <JSHandle preview=JSHandle@node>]
2024-07-30 00:14:16.151 | INFO     | __main__:omprint:31 - src: /rimg/himg/79/33/da/leonardo-2680682-89_O-328074.jpg?width=836&height=607&crop=true
2024-07-30 00:14:16.163 | INFO     | __main__:omprint:31 - full_url: https://www.kayak.com/rimg/himg/79/33/da/leonardo-2680682-89_O-328074.jpg
2024-07-30 00:14:16.170 | INFO     | __main__:omprint:31 - src: /rimg/himg/e7/b0/d2/leonardo-2680682-Terrasse_nuit_SCO_Hotel_Metropole_MC_W.Pryce_O-492714.jpg?width=836&height=607&crop=true
2024-07-30 00:14:16.181 | INFO     | __main__:omprint:31 - full_url: https://www.kayak.com/rimg/himg/e7/b0/d2/leonardo-2680682-Terrasse_nuit_SCO_Hotel_Metropole_MC_W.Pryce_O-492714.jpg
2024-07-30 00:14:16.188 | INFO     | __main__:omprint:31 - src: /rimg/himg/e5/40/37/leonardo-2680682-Odyssey_night_Hotel_Metropole_MC_L.Galaup_(3)_O-733383.jpg?width=836&height=607&crop=true
2024-07-30 00:14:16.202 | INFO     | __main__:omprint:31 - full_url: https://www.kayak.com/rimg/himg/e5/40/37/leonardo-2680682-Odyssey_night_Hotel_Metropole_MC_L.Galaup_(3)_O-733383.jpg
2024-07-30 00:14:16.211 | INFO     | __main__:omprint:31 - src: /rimg/himg/12/03/20/leonardo-2680682-Odyssey-hiver-soir_Hotel-Metropole-MC_W.Pryce_O-057986.jpg?width=836&height=607&crop=true
2024-07-30 00:14:16.212 | INFO     | __main__:omprint:31 - full_url: https://www.kayak.com/rimg/himg/12/03/20/leonardo-2680682-Odyssey-hiver-soir_Hotel-Metropole-MC_W.Pryce_O-057986.jpg
2024-07-30 00:14:16.220 | INFO     | __main__:omprint:31 - src: /rimg/himg/ab/ef/5e/leonardo-83084-147026745-551913.jpg?width=836&height=607&crop=true
2024-07-30 00:14:16.221 | INFO     | __main__:omprint:31 - full_url: https://www.kayak.com/rimg/himg/ab/ef/5e/leonardo-83084-147026745-551913.jpg
2024-07-30 00:14:16.227 | INFO     | __main__:omprint:31 - src: /rimg/himg/a0/92/ca/leonardo-83084-91239737-147747.jpg?width=836&height=607&crop=true
2024-07-30 00:14:16.227 | INFO     | __main__:omprint:31 - full_url: https://www.kayak.com/rimg/himg/a0/92/ca/leonardo-83084-91239737-147747.jpg
2024-07-30 00:14:16.234 | INFO     | __main__:omprint:31 - src: /rimg/himg/57/c0/50/expedia_group-83084-0d5ddf5b-384932.jpg?width=836&height=607&crop=true
2024-07-30 00:14:16.234 | INFO     | __main__:omprint:31 - full_url: https://www.kayak.com/rimg/himg/57/c0/50/expedia_group-83084-0d5ddf5b-384932.jpg
2024-07-30 00:14:16.240 | INFO     | __main__:omprint:31 - src: /rimg/himg/95/5e/54/leonardo-1103725-51_O-086348.jpg?width=836&height=607&crop=true
2024-07-30 00:14:16.240 | INFO     | __main__:omprint:31 - full_url: https://www.kayak.com/rimg/himg/95/5e/54/leonardo-1103725-51_O-086348.jpg
2024-07-30 00:14:16.249 | INFO     | __main__:omprint:31 - src: /rimg/himg/56/05/c2/leonardo-83084-161556627-895335.jpg?width=836&height=607&crop=true
2024-07-30 00:14:16.249 | INFO     | __main__:omprint:31 - full_url: https://www.kayak.com/rimg/himg/56/05/c2/leonardo-83084-161556627-895335.jpg
2024-07-30 00:14:16.256 | INFO     | __main__:omprint:31 - src: /rimg/himg/28/65/8d/leonardo-2680682-Suite_Carr__d_Or_O-506862.jpg?width=836&height=607&crop=true
2024-07-30 00:14:16.256 | INFO     | __main__:omprint:31 - full_url: https://www.kayak.com/rimg/himg/28/65/8d/leonardo-2680682-Suite_Carr__d_Or_O-506862.jpg
2024-07-30 00:14:16.262 | INFO     | __main__:omprint:31 - src: /rimg/himg/9e/6c/f4/leonardo-83084-87212436-137955.jpg?width=836&height=607&crop=true
2024-07-30 00:14:16.262 | INFO     | __main__:omprint:31 - full_url: https://www.kayak.com/rimg/himg/9e/6c/f4/leonardo-83084-87212436-137955.jpg
2024-07-30 00:14:16.267 | INFO     | __main__:omprint:31 - src: /rimg/himg/1a/2a/11/leonardo-83084-87212544-087092.jpg?width=836&height=607&crop=true
2024-07-30 00:14:16.267 | INFO     | __main__:omprint:31 - full_url: https://www.kayak.com/rimg/himg/1a/2a/11/leonardo-83084-87212544-087092.jpg
2024-07-30 00:14:16.274 | INFO     | __main__:omprint:31 - src: /rimg/himg/e6/9f/c3/expedia_group-83084-43019399-471109.jpg?width=836&height=607&crop=true
2024-07-30 00:14:16.288 | INFO     | __main__:omprint:31 - full_url: https://www.kayak.com/rimg/himg/e6/9f/c3/expedia_group-83084-43019399-471109.jpg
2024-07-30 00:14:16.295 | INFO     | __main__:omprint:31 - src: /rimg/himg/f5/d3/ec/leonardo-83084-161556433-805430.jpg?width=836&height=607&crop=true
2024-07-30 00:14:16.295 | INFO     | __main__:omprint:31 - full_url: https://www.kayak.com/rimg/himg/f5/d3/ec/leonardo-83084-161556433-805430.jpg
2024-07-30 00:14:16.302 | INFO     | __main__:omprint:31 - src: /rimg/himg/11/05/72/leonardo-2680682-Salle_de_bain_SCO_Hotel_Metropole_MC_W.Pryce_O-190691.jpg?width=836&height=607&crop=true
2024-07-30 00:14:16.302 | INFO     | __main__:omprint:31 - full_url: https://www.kayak.com/rimg/himg/11/05/72/leonardo-2680682-Salle_de_bain_SCO_Hotel_Metropole_MC_W.Pryce_O-190691.jpg
2024-07-30 00:14:16.308 | INFO     | __main__:omprint:31 - src: /rimg/himg/8f/20/74/sembo-83084-3ec61a-191355.jpg?width=836&height=607&crop=true
2024-07-30 00:14:16.309 | INFO     | __main__:omprint:31 - full_url: https://www.kayak.com/rimg/himg/8f/20/74/sembo-83084-3ec61a-191355.jpg
2024-07-30 00:14:16.314 | INFO     | __main__:omprint:31 - src: /rimg/himg/86/7a/0e/leonardo-83084-176284057-763163.jpg?width=836&height=607&crop=true
2024-07-30 00:14:16.315 | INFO     | __main__:omprint:31 - full_url: https://www.kayak.com/rimg/himg/86/7a/0e/leonardo-83084-176284057-763163.jpg
2024-07-30 00:14:16.322 | INFO     | __main__:omprint:31 - src: /rimg/himg/13/17/07/leonardo-83084-161556505-845060.jpg?width=836&height=607&crop=true
2024-07-30 00:14:16.322 | INFO     | __main__:omprint:31 - full_url: https://www.kayak.com/rimg/himg/13/17/07/leonardo-83084-161556505-845060.jpg
2024-07-30 00:14:16.327 | INFO     | __main__:omprint:31 - src: /rimg/himg/96/2a/0b/leonardo-1103725-Odyssey_hiver_Hotel_Metrople_MC_W.Pryce_O-754538.jpg?width=836&height=607&crop=true
2024-07-30 00:14:16.327 | INFO     | __main__:omprint:31 - full_url: https://www.kayak.com/rimg/himg/96/2a/0b/leonardo-1103725-Odyssey_hiver_Hotel_Metrople_MC_W.Pryce_O-754538.jpg
2024-07-30 00:14:16.334 | INFO     | __main__:omprint:31 - src: /rimg/himg/1f/84/d7/leonardo-1103725-16_O-447969.jpg?width=836&height=607&crop=true
2024-07-30 00:14:16.335 | INFO     | __main__:omprint:31 - full_url: https://www.kayak.com/rimg/himg/1f/84/d7/leonardo-1103725-16_O-447969.jpg
2024-07-30 00:14:16.340 | INFO     | __main__:omprint:31 - src: /rimg/himg/a5/9b/84/leonardo-83084-87211433-104727.jpg?width=836&height=607&crop=true
2024-07-30 00:14:16.341 | INFO     | __main__:omprint:31 - full_url: https://www.kayak.com/rimg/himg/a5/9b/84/leonardo-83084-87211433-104727.jpg
2024-07-30 00:14:16.347 | INFO     | __main__:omprint:31 - src: /rimg/himg/98/4e/3b/sembo-83084-3d0d31-428065.jpg?width=836&height=607&crop=true
2024-07-30 00:14:16.347 | INFO     | __main__:omprint:31 - full_url: https://www.kayak.com/rimg/himg/98/4e/3b/sembo-83084-3d0d31-428065.jpg
2024-07-30 00:14:16.352 | INFO     | __main__:omprint:31 - src: /rimg/himg/98/aa/e7/leonardo-83084-161556457-823728.jpg?width=836&height=607&crop=true
2024-07-30 00:14:16.353 | INFO     | __main__:omprint:31 - full_url: https://www.kayak.com/rimg/himg/98/aa/e7/leonardo-83084-161556457-823728.jpg
2024-07-30 00:14:16.360 | INFO     | __main__:omprint:31 - src: /rimg/himg/52/af/5c/leonardo-2680682-100_O-536723.jpg?width=836&height=607&crop=true
2024-07-30 00:14:16.361 | INFO     | __main__:omprint:31 - full_url: https://www.kayak.com/rimg/himg/52/af/5c/leonardo-2680682-100_O-536723.jpg
2024-07-30 00:14:16.369 | INFO     | __main__:omprint:31 - src: /rimg/himg/96/b0/e2/leonardo-83084-87212492-095868.jpg?width=836&height=607&crop=true
2024-07-30 00:14:16.369 | INFO     | __main__:omprint:31 - full_url: https://www.kayak.com/rimg/himg/96/b0/e2/leonardo-83084-87212492-095868.jpg
2024-07-30 00:14:16.374 | INFO     | __main__:omprint:31 - src: /rimg/himg/7c/9f/ae/leonardo-2680682-Junior_Suite_Prestige_2_Hotel_Metropole_MC_W.Pryce_O-460352.jpg?width=836&height=607&crop=true
2024-07-30 00:14:16.374 | INFO     | __main__:omprint:31 - full_url: https://www.kayak.com/rimg/himg/7c/9f/ae/leonardo-2680682-Junior_Suite_Prestige_2_Hotel_Metropole_MC_W.Pryce_O-460352.jpg
2024-07-30 00:14:16.381 | INFO     | __main__:omprint:31 - src: /rimg/himg/b4/e2/d8/leonardo-2680682-Salon_des_Princes_O-325659.jpg?width=836&height=607&crop=true
2024-07-30 00:14:16.381 | INFO     | __main__:omprint:31 - full_url: https://www.kayak.com/rimg/himg/b4/e2/d8/leonardo-2680682-Salon_des_Princes_O-325659.jpg
2024-07-30 00:14:16.387 | INFO     | __main__:omprint:31 - src: /rimg/himg/8f/4a/3c/leonardo-83084-91239805-067732.jpg?width=836&height=607&crop=true
2024-07-30 00:14:16.387 | INFO     | __main__:omprint:31 - full_url: https://www.kayak.com/rimg/himg/8f/4a/3c/leonardo-83084-91239805-067732.jpg
2024-07-30 00:14:16.394 | INFO     | __main__:omprint:31 - src: /rimg/himg/5c/24/35/leonardo-2680682-50_O-329058.jpg?width=836&height=607&crop=true
2024-07-30 00:14:16.394 | INFO     | __main__:omprint:31 - full_url: https://www.kayak.com/rimg/himg/5c/24/35/leonardo-2680682-50_O-329058.jpg
2024-07-30 00:14:16.399 | INFO     | __main__:omprint:31 - src: /rimg/himg/5f/e5/f6/leonardo-2680682-Suite_Carr__d_Or_Hotel_Metropole_MC_StudioPhenix_(2)_O-476645.jpg?width=836&height=607&crop=true
2024-07-30 00:14:16.399 | INFO     | __main__:omprint:31 - full_url: https://www.kayak.com/rimg/himg/5f/e5/f6/leonardo-2680682-Suite_Carr__d_Or_Hotel_Metropole_MC_StudioPhenix_(2)_O-476645.jpg
2024-07-30 00:14:16.406 | INFO     | __main__:omprint:31 - src: /rimg/himg/08/a0/0a/leonardo-2680682-27_O-511123.jpg?width=836&height=607&crop=true
2024-07-30 00:14:16.407 | INFO     | __main__:omprint:31 - full_url: https://www.kayak.com/rimg/himg/08/a0/0a/leonardo-2680682-27_O-511123.jpg
2024-07-30 00:14:16.412 | INFO     | __main__:omprint:31 - src: /rimg/himg/8e/1d/54/leonardo-83084-176277797-743718.jpg?width=836&height=607&crop=true
2024-07-30 00:14:16.413 | INFO     | __main__:omprint:31 - full_url: https://www.kayak.com/rimg/himg/8e/1d/54/leonardo-83084-176277797-743718.jpg
2024-07-30 00:14:16.419 | INFO     | __main__:omprint:31 - src: /rimg/himg/62/8a/61/leonardo-83084-87211885-078113.jpg?width=836&height=607&crop=true
2024-07-30 00:14:16.419 | INFO     | __main__:omprint:31 - full_url: https://www.kayak.com/rimg/himg/62/8a/61/leonardo-83084-87211885-078113.jpg
2024-07-30 00:14:16.424 | INFO     | __main__:omprint:31 - src: /rimg/himg/de/fb/d0/leonardo-2680682-04_O-132103.jpg?width=836&height=607&crop=true
2024-07-30 00:14:16.425 | INFO     | __main__:omprint:31 - full_url: https://www.kayak.com/rimg/himg/de/fb/d0/leonardo-2680682-04_O-132103.jpg
2024-07-30 00:14:16.431 | INFO     | __main__:omprint:31 - src: /rimg/himg/c8/e7/64/leonardo-2680682-99_O-967031.jpg?width=836&height=607&crop=true
2024-07-30 00:14:16.432 | INFO     | __main__:omprint:31 - full_url: https://www.kayak.com/rimg/himg/c8/e7/64/leonardo-2680682-99_O-967031.jpg
2024-07-30 00:14:16.437 | INFO     | __main__:omprint:31 - src: /rimg/himg/c8/9a/94/leonardo-83084-149060667-850878.jpg?width=836&height=607&crop=true
2024-07-30 00:14:16.438 | INFO     | __main__:omprint:31 - full_url: https://www.kayak.com/rimg/himg/c8/9a/94/leonardo-83084-149060667-850878.jpg
2024-07-30 00:14:16.443 | INFO     | __main__:omprint:31 - src: /rimg/himg/89/88/3c/expedia_group-83084-118477971-612161.jpg?width=836&height=607&crop=true
2024-07-30 00:14:16.444 | INFO     | __main__:omprint:31 - full_url: https://www.kayak.com/rimg/himg/89/88/3c/expedia_group-83084-118477971-612161.jpg
2024-07-30 00:14:16.450 | INFO     | __main__:omprint:31 - src: /rimg/himg/a7/35/43/sembo-83084-89a459-537167.jpg?width=836&height=607&crop=true
2024-07-30 00:14:16.451 | INFO     | __main__:omprint:31 - full_url: https://www.kayak.com/rimg/himg/a7/35/43/sembo-83084-89a459-537167.jpg
2024-07-30 00:14:16.457 | INFO     | __main__:omprint:31 - src: /rimg/himg/52/82/a5/leonardo-2680682-60_O-830190.jpg?width=836&height=607&crop=true
2024-07-30 00:14:16.458 | INFO     | __main__:omprint:31 - full_url: https://www.kayak.com/rimg/himg/52/82/a5/leonardo-2680682-60_O-830190.jpg
2024-07-30 00:14:16.464 | INFO     | __main__:omprint:31 - src: /rimg/himg/27/39/9d/leonardo-83084-161556481-836878.jpg?width=836&height=607&crop=true
2024-07-30 00:14:16.464 | INFO     | __main__:omprint:31 - full_url: https://www.kayak.com/rimg/himg/27/39/9d/leonardo-83084-161556481-836878.jpg
2024-07-30 00:14:16.470 | INFO     | __main__:omprint:31 - src: /rimg/himg/e7/96/af/sembo-83084-40d7a2-273140.jpg?width=836&height=607&crop=true
2024-07-30 00:14:16.470 | INFO     | __main__:omprint:31 - full_url: https://www.kayak.com/rimg/himg/e7/96/af/sembo-83084-40d7a2-273140.jpg
2024-07-30 00:14:16.477 | INFO     | __main__:omprint:31 - src: /rimg/himg/2a/00/c4/leonardo-2680682-Suite_Carr__d_Or_Hotel_Metropole_MC_StudioPhenix_(4)_O-624322.jpg?width=836&height=607&crop=true
2024-07-30 00:14:16.477 | INFO     | __main__:omprint:31 - full_url: https://www.kayak.com/rimg/himg/2a/00/c4/leonardo-2680682-Suite_Carr__d_Or_Hotel_Metropole_MC_StudioPhenix_(4)_O-624322.jpg
2024-07-30 00:14:16.483 | INFO     | __main__:omprint:31 - src: /rimg/himg/64/ed/42/leonardo-1103725-23_O-616257.jpg?width=836&height=607&crop=true
2024-07-30 00:14:16.484 | INFO     | __main__:omprint:31 - full_url: https://www.kayak.com/rimg/himg/64/ed/42/leonardo-1103725-23_O-616257.jpg
2024-07-30 00:14:16.490 | INFO     | __main__:omprint:31 - src: /rimg/himg/ab/1f/a9/leonardo-1103725-09_O-545121.jpg?width=836&height=607&crop=true
2024-07-30 00:14:16.490 | INFO     | __main__:omprint:31 - full_url: https://www.kayak.com/rimg/himg/ab/1f/a9/leonardo-1103725-09_O-545121.jpg
2024-07-30 00:14:16.496 | INFO     | __main__:omprint:31 - src: /rimg/himg/6d/74/be/leonardo-2680682-46_O-457080.jpg?width=836&height=607&crop=true
2024-07-30 00:14:16.496 | INFO     | __main__:omprint:31 - full_url: https://www.kayak.com/rimg/himg/6d/74/be/leonardo-2680682-46_O-457080.jpg
2024-07-30 00:14:16.569 | INFO     | __main__:omprint:31 - src: /rimg/himg/26/df/7a/leonardo-83084-161556577-880069.jpg?width=836&height=607&crop=true
2024-07-30 00:14:16.585 | INFO     | __main__:omprint:31 - full_url: https://www.kayak.com/rimg/himg/26/df/7a/leonardo-83084-161556577-880069.jpg
2024-07-30 00:14:16.596 | INFO     | __main__:omprint:31 - src: /rimg/himg/11/75/b8/leonardo-83084-130655797-126559.jpg?width=836&height=607&crop=true
2024-07-30 00:14:16.606 | INFO     | __main__:omprint:31 - full_url: https://www.kayak.com/rimg/himg/11/75/b8/leonardo-83084-130655797-126559.jpg
2024-07-30 00:14:16.618 | INFO     | __main__:omprint:31 - src: /rimg/himg/b5/16/cd/leonardo-2680682-Odyssey_Hotel_Metropole_MC_StudioPhenix_(18)_O-234069.jpg?width=836&height=607&crop=true
2024-07-30 00:14:16.618 | INFO     | __main__:omprint:31 - full_url: https://www.kayak.com/rimg/himg/b5/16/cd/leonardo-2680682-Odyssey_Hotel_Metropole_MC_StudioPhenix_(18)_O-234069.jpg
2024-07-30 00:14:16.625 | INFO     | __main__:omprint:31 - src: /rimg/himg/0e/4c/4e/leonardo-83084-147026630-432176.jpg?width=836&height=607&crop=true
2024-07-30 00:14:16.625 | INFO     | __main__:omprint:31 - full_url: https://www.kayak.com/rimg/himg/0e/4c/4e/leonardo-83084-147026630-432176.jpg
2024-07-30 00:14:16.632 | INFO     | __main__:omprint:31 - src: /rimg/himg/a2/03/45/leonardo-1103725-19_O-039229.jpg?width=836&height=607&crop=true
2024-07-30 00:14:16.632 | INFO     | __main__:omprint:31 - full_url: https://www.kayak.com/rimg/himg/a2/03/45/leonardo-1103725-19_O-039229.jpg
2024-07-30 00:14:16.639 | INFO     | __main__:omprint:31 - src: /rimg/himg/76/60/ac/sembo-83084-99d8c8-906254.jpg?width=836&height=607&crop=true
2024-07-30 00:14:16.640 | INFO     | __main__:omprint:31 - full_url: https://www.kayak.com/rimg/himg/76/60/ac/sembo-83084-99d8c8-906254.jpg
2024-07-30 00:14:16.644 | INFO     | __main__:omprint:31 - src: /rimg/himg/6c/12/73/leonardo-2680682-54_O-443265.jpg?width=836&height=607&crop=true
2024-07-30 00:14:16.645 | INFO     | __main__:omprint:31 - full_url: https://www.kayak.com/rimg/himg/6c/12/73/leonardo-2680682-54_O-443265.jpg
2024-07-30 00:14:16.650 | INFO     | __main__:omprint:31 - src: /rimg/himg/38/e3/4e/leonardo-2680682-Suite_Carr__d_Or_Hotel_Metropole_MC_StudioPhenix_(3)_O-061824.jpg?width=836&height=607&crop=true
2024-07-30 00:14:16.651 | INFO     | __main__:omprint:31 - full_url: https://www.kayak.com/rimg/himg/38/e3/4e/leonardo-2680682-Suite_Carr__d_Or_Hotel_Metropole_MC_StudioPhenix_(3)_O-061824.jpg
2024-07-30 00:14:16.659 | INFO     | __main__:omprint:31 - src: /rimg/himg/bd/2d/e4/leonardo-2680682-64_O-899391.jpg?width=836&height=607&crop=true
2024-07-30 00:14:16.659 | INFO     | __main__:omprint:31 - full_url: https://www.kayak.com/rimg/himg/bd/2d/e4/leonardo-2680682-64_O-899391.jpg
2024-07-30 00:14:16.665 | INFO     | __main__:omprint:31 - src: /rimg/himg/36/0f/e9/leonardo-83084-87211420-113844.jpg?width=836&height=607&crop=true
2024-07-30 00:14:16.666 | INFO     | __main__:omprint:31 - full_url: https://www.kayak.com/rimg/himg/36/0f/e9/leonardo-83084-87211420-113844.jpg
2024-07-30 00:14:16.671 | INFO     | __main__:omprint:31 - src: /rimg/himg/bf/c6/5d/expedia_group-83084-b61c88-974133.jpg?width=836&height=607&crop=true
2024-07-30 00:14:16.671 | INFO     | __main__:omprint:31 - full_url: https://www.kayak.com/rimg/himg/bf/c6/5d/expedia_group-83084-b61c88-974133.jpg
2024-07-30 00:14:16.679 | INFO     | __main__:omprint:31 - src: /rimg/himg/41/92/77/leonardo-2680682-Galerie_des_portraits_HotelMetropol_O-327210.jpg?width=836&height=607&crop=true
2024-07-30 00:14:16.679 | INFO     | __main__:omprint:31 - full_url: https://www.kayak.com/rimg/himg/41/92/77/leonardo-2680682-Galerie_des_portraits_HotelMetropol_O-327210.jpg
2024-07-30 00:14:16.684 | INFO     | __main__:omprint:31 - src: /rimg/himg/2c/78/c7/leonardo-83084-147026658-477181.jpg?width=836&height=607&crop=true
2024-07-30 00:14:16.685 | INFO     | __main__:omprint:31 - full_url: https://www.kayak.com/rimg/himg/2c/78/c7/leonardo-83084-147026658-477181.jpg
2024-07-30 00:14:16.690 | INFO     | __main__:omprint:31 - src: /rimg/himg/e5/22/52/leonardo-83084-161556599-887707.jpg?width=836&height=607&crop=true
2024-07-30 00:14:16.691 | INFO     | __main__:omprint:31 - full_url: https://www.kayak.com/rimg/himg/e5/22/52/leonardo-83084-161556599-887707.jpg
2024-07-30 00:14:16.698 | INFO     | __main__:omprint:31 - src: /rimg/himg/da/4c/ae/leonardo-2680682-86_O-224245.jpg?width=836&height=607&crop=true
2024-07-30 00:14:16.698 | INFO     | __main__:omprint:31 - full_url: https://www.kayak.com/rimg/himg/da/4c/ae/leonardo-2680682-86_O-224245.jpg
2024-07-30 00:14:17.559 | INFO     | __main__:omprint:31 - Descarga completada.
2024-07-30 00:14:17.560 | INFO     | __main__:omprint:31 - ====================
2024-07-30 00:14:17.560 | INFO     | __main__:omprint:31 - property_image_urls: ['https://www.kayak.com/rimg/himg/79/33/da/leonardo-2680682-89_O-328074.jpg', 'https://www.kayak.com/rimg/himg/e7/b0/d2/leonardo-2680682-Terrasse_nuit_SCO_Hotel_Metropole_MC_W.Pryce_O-492714.jpg']
2024-07-30 00:14:17.560 | INFO     | __main__:omprint:31 - ====================
2024-07-30 00:14:22.821 | INFO     | __main__:omprint:31 - --------------------------------------------
2024-07-30 00:14:22.822 | INFO     | __main__:omprint:31 - {'url': 'https://www.kayak.com/rimg/himg/79/33/da/leonardo-2680682-89_O-328074.jpg', 'description': 'Lush greenery surrounds a serene swimming pool, where elegant loungers invite relaxation under the bright blue sky, while a grand building in the background adds a touch of sophistication to the tranquil setting.'}
2024-07-30 00:14:22.823 | INFO     | __main__:omprint:31 - --------------------------------------------
2024-07-30 00:14:27.786 | INFO     | __main__:omprint:31 - --------------------------------------------
2024-07-30 00:14:27.787 | INFO     | __main__:omprint:31 - {'url': 'https://www.kayak.com/rimg/himg/e7/b0/d2/leonardo-2680682-Terrasse_nuit_SCO_Hotel_Metropole_MC_W.Pryce_O-492714.jpg', 'description': 'Elegant outdoor seating adorned with striped cushions invites relaxation, while a beautifully set dining table hints at an intimate gathering, all under a serene twilight sky that casts a soft glow over the stunning coastal view.'}
2024-07-30 00:14:27.787 | INFO     | __main__:omprint:31 - --------------------------------------------
2024-07-30 00:14:31.985 | INFO     | __main__:omprint:31 - selected_images: [{'url': 'https://www.kayak.com/rimg/himg/79/33/da/leonardo-2680682-89_O-328074.jpg', 'description': "Welcome to the exquisite Hotel Metropole, Monte Carlo, where lush greenery envelops a serene swimming pool, inviting you to unwind in style. Picture yourself lounging on elegant sunbeds, basking under the bright blue sky, while the grand architecture of the hotel stands majestically in the background. This is not just a hotel; it's a sanctuary of sophistication and tranquility, perfect for those seeking a luxurious escape."}, {'url': 'https://www.kayak.com/rimg/himg/e7/b0/d2/leonardo-2680682-Terrasse_nuit_SCO_Hotel_Metropole_MC_W.Pryce_O-492714.jpg', 'description': "As the sun sets, the magic of Hotel Metropole truly comes alive. Imagine elegant outdoor seating adorned with plush striped cushions, inviting you to relax and enjoy intimate gatherings with loved ones. A beautifully set dining table awaits, offering a culinary experience under a serene twilight sky, with breathtaking coastal views that will leave you in awe. This is the perfect backdrop for unforgettable memories. Don't miss out on this luxurious experience—follow us at '@LuxuryRoamers' for more stunning content like this!"}]
2024-07-30 00:14:31.986 | INFO     | __main__:omprint:31 - ====================
2024-07-30 00:14:31.986 | INFO     | __main__:omprint:31 - ====================
2024-07-30 00:14:32.223 | INFO     | __main__:omprint:31 - ====================
2024-07-30 00:14:32.225 | INFO     | __main__:omprint:31 - img_filename, audio_filename: ./public/281e0024-f3da-4c86-9d96-bf07d8f0c5c9/images/image_0.jpg ./public/281e0024-f3da-4c86-9d96-bf07d8f0c5c9/audios/audio_0.mp3
2024-07-30 00:14:32.226 | INFO     | __main__:omprint:31 - Ruta creada: ./public/281e0024-f3da-4c86-9d96-bf07d8f0c5c9/images
2024-07-30 00:14:33.616 | INFO     | __main__:omprint:31 - Ruta creada: ./public/281e0024-f3da-4c86-9d96-bf07d8f0c5c9/audios
2024-07-30 00:14:33.617 | INFO     | __main__:omprint:31 - get_polly_response: neural Joanna Welcome to the exquisite Hotel Metropole, Monte Carlo, where lush greenery envelops a serene swimming pool, inviting you to unwind in style. Picture yourself lounging on elegant sunbeds, basking under the bright blue sky, while the grand architecture of the hotel stands majestically in the background. This is not just a hotel; it's a sanctuary of sophistication and tranquility, perfect for those seeking a luxurious escape. 100%
2024-07-30 00:14:33.617 | INFO     | __main__:omprint:31 - {'Engine': 'neural', 'LanguageCode': 'en-US', 'VoiceId': 'Joanna', 'Gender': 'Female', 'TextType': 'ssml', 'Newscaster': 'news'}
2024-07-30 00:14:33.827 | INFO     | __main__:omprint:31 - get_polly_response: <speak><prosody rate="100%"><amazon:domain name="news">Welcome to the exquisite Hotel Metropole, Monte Carlo, where lush greenery envelops a serene swimming pool, inviting you to unwind in style. Picture yourself lounging on elegant sunbeds, basking under the bright blue sky, while the grand architecture of the hotel stands majestically in the background. This is not just a hotel; it's a sanctuary of sophistication and tranquility, perfect for those seeking a luxurious escape.</amazon:domain></prosody></speak> ssml Joanna en-US
2024-07-30 00:14:36.123 | INFO     | __main__:omprint:31 - thumb_filename: ./public/281e0024-f3da-4c86-9d96-bf07d8f0c5c9/thumbnail/281e0024-f3da-4c86-9d96-bf07d8f0c5c9.jpg
2024-07-30 00:14:36.124 | INFO     | __main__:omprint:31 - Ruta creada: ./public/281e0024-f3da-4c86-9d96-bf07d8f0c5c9/thumbnail
2024-07-30 00:14:36.125 | INFO     | __main__:omprint:31 - ==========================
2024-07-30 00:14:36.125 | INFO     | __main__:omprint:31 - image_path: ./public/281e0024-f3da-4c86-9d96-bf07d8f0c5c9/images/image_0.jpg
2024-07-30 00:14:36.126 | INFO     | __main__:omprint:31 - ==========================
2024-07-30 00:14:36.522 | INFO     | __main__:omprint:31 - img_filename, audio_filename: ./public/281e0024-f3da-4c86-9d96-bf07d8f0c5c9/images/image_1.jpg ./public/281e0024-f3da-4c86-9d96-bf07d8f0c5c9/audios/audio_1.mp3
2024-07-30 00:14:36.522 | INFO     | __main__:omprint:31 - La ruta ya existe: ./public/281e0024-f3da-4c86-9d96-bf07d8f0c5c9/images
2024-07-30 00:14:36.803 | INFO     | __main__:omprint:31 - La ruta ya existe: ./public/281e0024-f3da-4c86-9d96-bf07d8f0c5c9/audios
2024-07-30 00:14:36.803 | INFO     | __main__:omprint:31 - get_polly_response: neural Joanna As the sun sets, the magic of Hotel Metropole truly comes alive. Imagine elegant outdoor seating adorned with plush striped cushions, inviting you to relax and enjoy intimate gatherings with loved ones. A beautifully set dining table awaits, offering a culinary experience under a serene twilight sky, with breathtaking coastal views that will leave you in awe. This is the perfect backdrop for unforgettable memories. Don't miss out on this luxurious experience—follow us at '@LuxuryRoamers' for more stunning content like this! 100%
2024-07-30 00:14:36.804 | INFO     | __main__:omprint:31 - {'Engine': 'neural', 'LanguageCode': 'en-US', 'VoiceId': 'Joanna', 'Gender': 'Female', 'TextType': 'ssml', 'Newscaster': 'news'}
2024-07-30 00:14:36.940 | INFO     | __main__:omprint:31 - get_polly_response: <speak><prosody rate="100%"><amazon:domain name="news">As the sun sets, the magic of Hotel Metropole truly comes alive. Imagine elegant outdoor seating adorned with plush striped cushions, inviting you to relax and enjoy intimate gatherings with loved ones. A beautifully set dining table awaits, offering a culinary experience under a serene twilight sky, with breathtaking coastal views that will leave you in awe. This is the perfect backdrop for unforgettable memories. Don't miss out on this luxurious experience—follow us at '@LuxuryRoamers' for more stunning content like this!</amazon:domain></prosody></speak> ssml Joanna en-US
2024-07-30 00:14:38.271 | INFO     | __main__:omprint:31 - ---------------------------------------------------
2024-07-30 00:14:38.271 | INFO     | __main__:omprint:31 - num_elements, thumb_filename: 2 ./public/281e0024-f3da-4c86-9d96-bf07d8f0c5c9/thumbnail/281e0024-f3da-4c86-9d96-bf07d8f0c5c9.jpg
2024-07-30 00:14:38.272 | INFO     | __main__:omprint:31 - ---------------------------------------------------
2024-07-30 00:14:38.273 | INFO     | __main__:omprint:31 - Ruta creada: ./public/281e0024-f3da-4c86-9d96-bf07d8f0c5c9/videos
2024-07-30 00:14:38.872 | INFO     | __main__:omprint:31 - img_clip2: <moviepy.video.VideoClip.ImageClip object at 0x1144275c0>
2024-07-30 00:14:39.218 | INFO     | __main__:omprint:31 - video_to_upload: https://llfgcl66-8996.use2.devtunnels.ms/281e0024-f3da-4c86-9d96-bf07d8f0c5c9/videos/281e0024-f3da-4c86-9d96-bf07d8f0c5c9.mp4
2024-07-30 00:14:39.220 | INFO     | __main__:omprint:31 - El script tomó 67.76 segundos en ejecutarse.
2024-07-30 00:14:41.844 | INFO     | __main__:omprint:31 - Estado del video: {'status_code': 'IN_PROGRESS', 'status': 'In Progress: Media is still being processed.', 'id': '18237577621278660'}
2024-07-30 00:14:44.228 | INFO     | __main__:omprint:31 - pending_processes: []
2024-07-30 00:14:44.229 | INFO     | __main__:omprint:31 - No hay más procesos pendientes.
2024-07-30 00:14:52.134 | INFO     | __main__:omprint:31 - Estado del video: {'status_code': 'ERROR', 'status': 'Error: Media upload has failed with error code 2207026', 'id': '18237577621278660'}
2024-07-30 00:14:56.088 | INFO     | __main__:omprint:31 - pending_processes: []
2024-07-30 00:14:56.089 | INFO     | __main__:omprint:31 - No hay más procesos pendientes.
2024-07-30 00:15:03.761 | INFO     | __main__:omprint:31 - Estado del video: {'status_code': 'ERROR', 'status': 'Error: Media upload has failed with error code 2207026', 'id': '18237577621278660'}
2024-07-30 00:15:14.030 | INFO     | __main__:omprint:31 - Estado del video: {'status_code': 'ERROR', 'status': 'Error: Media upload has failed with error code 2207026', 'id': '18237577621278660'}
2024-07-30 00:15:25.347 | INFO     | __main__:omprint:31 - Estado del video: {'status_code': 'ERROR', 'status': 'Error: Media upload has failed with error code 2207026', 'id': '18237577621278660'}
2024-07-30 00:15:35.752 | INFO     | __main__:omprint:31 - Estado del video: {'status_code': 'ERROR', 'status': 'Error: Media upload has failed with error code 2207026', 'id': '18237577621278660'}
2024-07-30 00:15:46.226 | INFO     | __main__:omprint:31 - Estado del video: {'status_code': 'ERROR', 'status': 'Error: Media upload has failed with error code 2207026', 'id': '18237577621278660'}
2024-07-30 00:15:56.095 | INFO     | __main__:omprint:31 - pending_processes: []
2024-07-30 00:15:56.096 | INFO     | __main__:omprint:31 - No hay más procesos pendientes.
2024-07-30 00:15:57.704 | INFO     | __main__:omprint:31 - Estado del video: {'status_code': 'ERROR', 'status': 'Error: Media upload has failed with error code 2207026', 'id': '18237577621278660'}
2024-07-30 00:16:07.961 | INFO     | __main__:omprint:31 - Estado del video: {'status_code': 'ERROR', 'status': 'Error: Media upload has failed with error code 2207026', 'id': '18237577621278660'}
2024-07-30 00:16:19.267 | INFO     | __main__:omprint:31 - Estado del video: {'status_code': 'ERROR', 'status': 'Error: Media upload has failed with error code 2207026', 'id': '18237577621278660'}
2024-07-30 00:16:29.616 | INFO     | __main__:omprint:31 - Estado del video: {'status_code': 'ERROR', 'status': 'Error: Media upload has failed with error code 2207026', 'id': '18237577621278660'}
2024-07-30 00:16:39.912 | INFO     | __main__:omprint:31 - Estado del video: {'status_code': 'ERROR', 'status': 'Error: Media upload has failed with error code 2207026', 'id': '18237577621278660'}
2024-07-30 00:16:51.247 | INFO     | __main__:omprint:31 - Estado del video: {'status_code': 'ERROR', 'status': 'Error: Media upload has failed with error code 2207026', 'id': '18237577621278660'}
2024-07-30 00:16:56.102 | INFO     | __main__:omprint:31 - pending_processes: []
2024-07-30 00:16:56.103 | INFO     | __main__:omprint:31 - No hay más procesos pendientes.
2024-07-30 00:17:01.565 | INFO     | __main__:omprint:31 - Estado del video: {'status_code': 'ERROR', 'status': 'Error: Media upload has failed with error code 2207026', 'id': '18237577621278660'}
2024-07-30 00:17:13.120 | INFO     | __main__:omprint:31 - Estado del video: {'status_code': 'ERROR', 'status': 'Error: Media upload has failed with error code 2207026', 'id': '18237577621278660'}
2024-07-30 00:17:23.368 | INFO     | __main__:omprint:31 - Estado del video: {'status_code': 'ERROR', 'status': 'Error: Media upload has failed with error code 2207026', 'id': '18237577621278660'}
2024-07-30 00:17:33.742 | INFO     | __main__:omprint:31 - Estado del video: {'status_code': 'ERROR', 'status': 'Error: Media upload has failed with error code 2207026', 'id': '18237577621278660'}
2024-07-30 00:17:45.069 | INFO     | __main__:omprint:31 - Estado del video: {'status_code': 'ERROR', 'status': 'Error: Media upload has failed with error code 2207026', 'id': '18237577621278660'}
2024-07-30 00:17:55.374 | INFO     | __main__:omprint:31 - Estado del video: {'status_code': 'ERROR', 'status': 'Error: Media upload has failed with error code 2207026', 'id': '18237577621278660'}
2024-07-30 00:17:56.107 | INFO     | __main__:omprint:31 - pending_processes: []
2024-07-30 00:17:56.109 | INFO     | __main__:omprint:31 - No hay más procesos pendientes.
2024-07-30 00:18:06.822 | INFO     | __main__:omprint:31 - Estado del video: {'status_code': 'ERROR', 'status': 'Error: Media upload has failed with error code 2207026', 'id': '18237577621278660'}
2024-07-30 00:18:17.132 | INFO     | __main__:omprint:31 - Estado del video: {'status_code': 'ERROR', 'status': 'Error: Media upload has failed with error code 2207026', 'id': '18237577621278660'}
2024-07-30 00:18:27.510 | INFO     | __main__:omprint:31 - Estado del video: {'status_code': 'ERROR', 'status': 'Error: Media upload has failed with error code 2207026', 'id': '18237577621278660'}
2024-07-30 00:18:37.902 | INFO     | __main__:omprint:31 - Estado del video: {'status_code': 'ERROR', 'status': 'Error: Media upload has failed with error code 2207026', 'id': '18237577621278660'}
2024-07-30 00:18:49.255 | INFO     | __main__:omprint:31 - Estado del video: {'status_code': 'ERROR', 'status': 'Error: Media upload has failed with error code 2207026', 'id': '18237577621278660'}
2024-07-30 00:18:56.114 | INFO     | __main__:omprint:31 - pending_processes: []
2024-07-30 00:18:56.115 | INFO     | __main__:omprint:31 - No hay más procesos pendientes.
2024-07-30 00:18:59.908 | INFO     | __main__:omprint:31 - Estado del video: {'status_code': 'ERROR', 'status': 'Error: Media upload has failed with error code 2207026', 'id': '18237577621278660'}
2024-07-30 00:19:11.211 | INFO     | __main__:omprint:31 - Estado del video: {'status_code': 'ERROR', 'status': 'Error: Media upload has failed with error code 2207026', 'id': '18237577621278660'}
2024-07-30 00:19:21.502 | INFO     | __main__:omprint:31 - Estado del video: {'status_code': 'ERROR', 'status': 'Error: Media upload has failed with error code 2207026', 'id': '18237577621278660'}
2024-07-30 00:19:31.840 | INFO     | __main__:omprint:31 - Estado del video: {'status_code': 'ERROR', 'status': 'Error: Media upload has failed with error code 2207026', 'id': '18237577621278660'}
2024-07-30 00:19:43.144 | INFO     | __main__:omprint:31 - Estado del video: {'status_code': 'ERROR', 'status': 'Error: Media upload has failed with error code 2207026', 'id': '18237577621278660'}
2024-07-30 00:19:53.426 | INFO     | __main__:omprint:31 - Estado del video: {'status_code': 'ERROR', 'status': 'Error: Media upload has failed with error code 2207026', 'id': '18237577621278660'}
2024-07-30 00:19:56.122 | INFO     | __main__:omprint:31 - pending_processes: []
2024-07-30 00:19:56.122 | INFO     | __main__:omprint:31 - No hay más procesos pendientes.
2024-07-30 00:20:04.758 | INFO     | __main__:omprint:31 - Estado del video: {'status_code': 'ERROR', 'status': 'Error: Media upload has failed with error code 2207026', 'id': '18237577621278660'}
2024-07-30 00:20:15.088 | INFO     | __main__:omprint:31 - Estado del video: {'status_code': 'ERROR', 'status': 'Error: Media upload has failed with error code 2207026', 'id': '18237577621278660'}
