2024-07-30 00:20:53.081 | INFO     | __main__:omprint:31 - pending_processes: [{'uuid': 'c07f8348-19c0-43eb-bff4-8d6387f7bba4', 'url': 'https://www.es.kayak.com/hotels/Hotel-Metropole,Monte-Carlo,Monaco-p2598516-h83084-details/2024-08-09/2024-08-11/2adults?psid=msCEEZ4ufc&pm=daybase#overview', 'language': 'English', 'voice': 'Joanna', 'property_type': 'Hotel', 'property_name': '', 'number_images': 2, 'url_video': '', 'fecha_creacion': '2024-07-30T04:20:53.079187+00:00', 'fecha_modificacion': '2024-07-30T04:20:53.079187+00:00', 'estado': 'pendiente'}]
2024-07-30 00:20:53.083 | INFO     | __main__:omprint:31 - Ejecutando el proceso ID: c07f8348-19c0-43eb-bff4-8d6387f7bba4
2024-07-30 00:21:25.886 | INFO     | __main__:omprint:31 - Ya hay un proceso en ejecución.
2024-07-30 00:21:36.064 | INFO     | __main__:omprint:31 - carousel_div: JSHandle@node
2024-07-30 00:21:36.181 | INFO     | __main__:omprint:31 - img_elements: [<JSHandle preview=JSHandle@node>, <JSHandle preview=JSHandle@node>, <JSHandle preview=JSHandle@node>, <JSHandle preview=JSHandle@node>, <JSHandle preview=JSHandle@node>, <JSHandle preview=JSHandle@node>, <JSHandle preview=JSHandle@node>, <JSHandle preview=JSHandle@node>, <JSHandle preview=JSHandle@node>, <JSHandle preview=JSHandle@node>, <JSHandle preview=JSHandle@node>, <JSHandle preview=JSHandle@node>, <JSHandle preview=JSHandle@node>, <JSHandle preview=JSHandle@node>, <JSHandle preview=JSHandle@node>, <JSHandle preview=JSHandle@node>, <JSHandle preview=JSHandle@node>, <JSHandle preview=JSHandle@node>, <JSHandle preview=JSHandle@node>, <JSHandle preview=JSHandle@node>, <JSHandle preview=JSHandle@node>, <JSHandle preview=JSHandle@node>, <JSHandle preview=JSHandle@node>, <JSHandle preview=JSHandle@node>, <JSHandle preview=JSHandle@node>, <JSHandle preview=JSHandle@node>, <JSHandle preview=JSHandle@node>, <JSHandle preview=JSHandle@node>, <JSHandle preview=JSHandle@node>, <JSHandle preview=JSHandle@node>, <JSHandle preview=JSHandle@node>, <JSHandle preview=JSHandle@node>, <JSHandle preview=JSHandle@node>, <JSHandle preview=JSHandle@node>, <JSHandle preview=JSHandle@node>, <JSHandle preview=JSHandle@node>, <JSHandle preview=JSHandle@node>, <JSHandle preview=JSHandle@node>, <JSHandle preview=JSHandle@node>, <JSHandle preview=JSHandle@node>, <JSHandle preview=JSHandle@node>, <JSHandle preview=JSHandle@node>, <JSHandle preview=JSHandle@node>, <JSHandle preview=JSHandle@node>, <JSHandle preview=JSHandle@node>, <JSHandle preview=JSHandle@node>, <JSHandle preview=JSHandle@node>, <JSHandle preview=JSHandle@node>, <JSHandle preview=JSHandle@node>, <JSHandle preview=JSHandle@node>, <JSHandle preview=JSHandle@node>, <JSHandle preview=JSHandle@node>, <JSHandle preview=JSHandle@node>, <JSHandle preview=JSHandle@node>, <JSHandle preview=JSHandle@node>, <JSHandle preview=JSHandle@node>, <JSHandle preview=JSHandle@node>, <JSHandle preview=JSHandle@node>, <JSHandle preview=JSHandle@node>, <JSHandle preview=JSHandle@node>]
2024-07-30 00:21:36.204 | INFO     | __main__:omprint:31 - src: /rimg/himg/79/33/da/leonardo-2680682-89_O-328074.jpg?width=836&height=607&crop=true
2024-07-30 00:21:36.205 | INFO     | __main__:omprint:31 - full_url: https://www.kayak.com/rimg/himg/79/33/da/leonardo-2680682-89_O-328074.jpg
2024-07-30 00:21:36.211 | INFO     | __main__:omprint:31 - src: /rimg/himg/e7/b0/d2/leonardo-2680682-Terrasse_nuit_SCO_Hotel_Metropole_MC_W.Pryce_O-492714.jpg?width=836&height=607&crop=true
2024-07-30 00:21:36.211 | INFO     | __main__:omprint:31 - full_url: https://www.kayak.com/rimg/himg/e7/b0/d2/leonardo-2680682-Terrasse_nuit_SCO_Hotel_Metropole_MC_W.Pryce_O-492714.jpg
2024-07-30 00:21:36.218 | INFO     | __main__:omprint:31 - src: /rimg/himg/e5/40/37/leonardo-2680682-Odyssey_night_Hotel_Metropole_MC_L.Galaup_(3)_O-733383.jpg?width=836&height=607&crop=true
2024-07-30 00:21:36.218 | INFO     | __main__:omprint:31 - full_url: https://www.kayak.com/rimg/himg/e5/40/37/leonardo-2680682-Odyssey_night_Hotel_Metropole_MC_L.Galaup_(3)_O-733383.jpg
2024-07-30 00:21:36.226 | INFO     | __main__:omprint:31 - src: /rimg/himg/12/03/20/leonardo-2680682-Odyssey-hiver-soir_Hotel-Metropole-MC_W.Pryce_O-057986.jpg?width=836&height=607&crop=true
2024-07-30 00:21:36.227 | INFO     | __main__:omprint:31 - full_url: https://www.kayak.com/rimg/himg/12/03/20/leonardo-2680682-Odyssey-hiver-soir_Hotel-Metropole-MC_W.Pryce_O-057986.jpg
2024-07-30 00:21:36.232 | INFO     | __main__:omprint:31 - src: /rimg/himg/ab/ef/5e/leonardo-83084-147026745-551913.jpg?width=836&height=607&crop=true
2024-07-30 00:21:36.233 | INFO     | __main__:omprint:31 - full_url: https://www.kayak.com/rimg/himg/ab/ef/5e/leonardo-83084-147026745-551913.jpg
2024-07-30 00:21:36.240 | INFO     | __main__:omprint:31 - src: /rimg/himg/a0/92/ca/leonardo-83084-91239737-147747.jpg?width=836&height=607&crop=true
2024-07-30 00:21:36.240 | INFO     | __main__:omprint:31 - full_url: https://www.kayak.com/rimg/himg/a0/92/ca/leonardo-83084-91239737-147747.jpg
2024-07-30 00:21:36.247 | INFO     | __main__:omprint:31 - src: /rimg/himg/57/c0/50/expedia_group-83084-0d5ddf5b-384932.jpg?width=836&height=607&crop=true
2024-07-30 00:21:36.247 | INFO     | __main__:omprint:31 - full_url: https://www.kayak.com/rimg/himg/57/c0/50/expedia_group-83084-0d5ddf5b-384932.jpg
2024-07-30 00:21:36.253 | INFO     | __main__:omprint:31 - src: /rimg/himg/95/5e/54/leonardo-1103725-51_O-086348.jpg?width=836&height=607&crop=true
2024-07-30 00:21:36.253 | INFO     | __main__:omprint:31 - full_url: https://www.kayak.com/rimg/himg/95/5e/54/leonardo-1103725-51_O-086348.jpg
2024-07-30 00:21:36.262 | INFO     | __main__:omprint:31 - src: /rimg/himg/56/05/c2/leonardo-83084-161556627-895335.jpg?width=836&height=607&crop=true
2024-07-30 00:21:36.262 | INFO     | __main__:omprint:31 - full_url: https://www.kayak.com/rimg/himg/56/05/c2/leonardo-83084-161556627-895335.jpg
2024-07-30 00:21:36.267 | INFO     | __main__:omprint:31 - src: /rimg/himg/28/65/8d/leonardo-2680682-Suite_Carr__d_Or_O-506862.jpg?width=836&height=607&crop=true
2024-07-30 00:21:36.268 | INFO     | __main__:omprint:31 - full_url: https://www.kayak.com/rimg/himg/28/65/8d/leonardo-2680682-Suite_Carr__d_Or_O-506862.jpg
2024-07-30 00:21:36.273 | INFO     | __main__:omprint:31 - src: /rimg/himg/9e/6c/f4/leonardo-83084-87212436-137955.jpg?width=836&height=607&crop=true
2024-07-30 00:21:36.273 | INFO     | __main__:omprint:31 - full_url: https://www.kayak.com/rimg/himg/9e/6c/f4/leonardo-83084-87212436-137955.jpg
2024-07-30 00:21:36.282 | INFO     | __main__:omprint:31 - src: /rimg/himg/1a/2a/11/leonardo-83084-87212544-087092.jpg?width=836&height=607&crop=true
2024-07-30 00:21:36.282 | INFO     | __main__:omprint:31 - full_url: https://www.kayak.com/rimg/himg/1a/2a/11/leonardo-83084-87212544-087092.jpg
2024-07-30 00:21:36.288 | INFO     | __main__:omprint:31 - src: /rimg/himg/e6/9f/c3/expedia_group-83084-43019399-471109.jpg?width=836&height=607&crop=true
2024-07-30 00:21:36.289 | INFO     | __main__:omprint:31 - full_url: https://www.kayak.com/rimg/himg/e6/9f/c3/expedia_group-83084-43019399-471109.jpg
2024-07-30 00:21:36.301 | INFO     | __main__:omprint:31 - src: /rimg/himg/f5/d3/ec/leonardo-83084-161556433-805430.jpg?width=836&height=607&crop=true
2024-07-30 00:21:36.301 | INFO     | __main__:omprint:31 - full_url: https://www.kayak.com/rimg/himg/f5/d3/ec/leonardo-83084-161556433-805430.jpg
2024-07-30 00:21:36.308 | INFO     | __main__:omprint:31 - src: /rimg/himg/11/05/72/leonardo-2680682-Salle_de_bain_SCO_Hotel_Metropole_MC_W.Pryce_O-190691.jpg?width=836&height=607&crop=true
2024-07-30 00:21:36.309 | INFO     | __main__:omprint:31 - full_url: https://www.kayak.com/rimg/himg/11/05/72/leonardo-2680682-Salle_de_bain_SCO_Hotel_Metropole_MC_W.Pryce_O-190691.jpg
2024-07-30 00:21:36.317 | INFO     | __main__:omprint:31 - src: /rimg/himg/8f/20/74/sembo-83084-3ec61a-191355.jpg?width=836&height=607&crop=true
2024-07-30 00:21:36.317 | INFO     | __main__:omprint:31 - full_url: https://www.kayak.com/rimg/himg/8f/20/74/sembo-83084-3ec61a-191355.jpg
2024-07-30 00:21:36.325 | INFO     | __main__:omprint:31 - src: /rimg/himg/86/7a/0e/leonardo-83084-176284057-763163.jpg?width=836&height=607&crop=true
2024-07-30 00:21:36.325 | INFO     | __main__:omprint:31 - full_url: https://www.kayak.com/rimg/himg/86/7a/0e/leonardo-83084-176284057-763163.jpg
2024-07-30 00:21:36.332 | INFO     | __main__:omprint:31 - src: /rimg/himg/13/17/07/leonardo-83084-161556505-845060.jpg?width=836&height=607&crop=true
2024-07-30 00:21:36.333 | INFO     | __main__:omprint:31 - full_url: https://www.kayak.com/rimg/himg/13/17/07/leonardo-83084-161556505-845060.jpg
2024-07-30 00:21:36.342 | INFO     | __main__:omprint:31 - src: /rimg/himg/96/2a/0b/leonardo-1103725-Odyssey_hiver_Hotel_Metrople_MC_W.Pryce_O-754538.jpg?width=836&height=607&crop=true
2024-07-30 00:21:36.343 | INFO     | __main__:omprint:31 - full_url: https://www.kayak.com/rimg/himg/96/2a/0b/leonardo-1103725-Odyssey_hiver_Hotel_Metrople_MC_W.Pryce_O-754538.jpg
2024-07-30 00:21:36.351 | INFO     | __main__:omprint:31 - src: /rimg/himg/1f/84/d7/leonardo-1103725-16_O-447969.jpg?width=836&height=607&crop=true
2024-07-30 00:21:36.352 | INFO     | __main__:omprint:31 - full_url: https://www.kayak.com/rimg/himg/1f/84/d7/leonardo-1103725-16_O-447969.jpg
2024-07-30 00:21:36.359 | INFO     | __main__:omprint:31 - src: /rimg/himg/a5/9b/84/leonardo-83084-87211433-104727.jpg?width=836&height=607&crop=true
2024-07-30 00:21:36.359 | INFO     | __main__:omprint:31 - full_url: https://www.kayak.com/rimg/himg/a5/9b/84/leonardo-83084-87211433-104727.jpg
2024-07-30 00:21:36.367 | INFO     | __main__:omprint:31 - src: /rimg/himg/98/4e/3b/sembo-83084-3d0d31-428065.jpg?width=836&height=607&crop=true
2024-07-30 00:21:36.367 | INFO     | __main__:omprint:31 - full_url: https://www.kayak.com/rimg/himg/98/4e/3b/sembo-83084-3d0d31-428065.jpg
2024-07-30 00:21:36.372 | INFO     | __main__:omprint:31 - src: /rimg/himg/98/aa/e7/leonardo-83084-161556457-823728.jpg?width=836&height=607&crop=true
2024-07-30 00:21:36.373 | INFO     | __main__:omprint:31 - full_url: https://www.kayak.com/rimg/himg/98/aa/e7/leonardo-83084-161556457-823728.jpg
2024-07-30 00:21:36.382 | INFO     | __main__:omprint:31 - src: /rimg/himg/52/af/5c/leonardo-2680682-100_O-536723.jpg?width=836&height=607&crop=true
2024-07-30 00:21:36.382 | INFO     | __main__:omprint:31 - full_url: https://www.kayak.com/rimg/himg/52/af/5c/leonardo-2680682-100_O-536723.jpg
2024-07-30 00:21:36.389 | INFO     | __main__:omprint:31 - src: /rimg/himg/96/b0/e2/leonardo-83084-87212492-095868.jpg?width=836&height=607&crop=true
2024-07-30 00:21:36.390 | INFO     | __main__:omprint:31 - full_url: https://www.kayak.com/rimg/himg/96/b0/e2/leonardo-83084-87212492-095868.jpg
2024-07-30 00:21:36.400 | INFO     | __main__:omprint:31 - src: /rimg/himg/7c/9f/ae/leonardo-2680682-Junior_Suite_Prestige_2_Hotel_Metropole_MC_W.Pryce_O-460352.jpg?width=836&height=607&crop=true
2024-07-30 00:21:36.400 | INFO     | __main__:omprint:31 - full_url: https://www.kayak.com/rimg/himg/7c/9f/ae/leonardo-2680682-Junior_Suite_Prestige_2_Hotel_Metropole_MC_W.Pryce_O-460352.jpg
2024-07-30 00:21:36.406 | INFO     | __main__:omprint:31 - src: /rimg/himg/b4/e2/d8/leonardo-2680682-Salon_des_Princes_O-325659.jpg?width=836&height=607&crop=true
2024-07-30 00:21:36.407 | INFO     | __main__:omprint:31 - full_url: https://www.kayak.com/rimg/himg/b4/e2/d8/leonardo-2680682-Salon_des_Princes_O-325659.jpg
2024-07-30 00:21:36.412 | INFO     | __main__:omprint:31 - src: /rimg/himg/8f/4a/3c/leonardo-83084-91239805-067732.jpg?width=836&height=607&crop=true
2024-07-30 00:21:36.412 | INFO     | __main__:omprint:31 - full_url: https://www.kayak.com/rimg/himg/8f/4a/3c/leonardo-83084-91239805-067732.jpg
2024-07-30 00:21:36.418 | INFO     | __main__:omprint:31 - src: /rimg/himg/5c/24/35/leonardo-2680682-50_O-329058.jpg?width=836&height=607&crop=true
2024-07-30 00:21:36.418 | INFO     | __main__:omprint:31 - full_url: https://www.kayak.com/rimg/himg/5c/24/35/leonardo-2680682-50_O-329058.jpg
2024-07-30 00:21:36.425 | INFO     | __main__:omprint:31 - src: /rimg/himg/5f/e5/f6/leonardo-2680682-Suite_Carr__d_Or_Hotel_Metropole_MC_StudioPhenix_(2)_O-476645.jpg?width=836&height=607&crop=true
2024-07-30 00:21:36.426 | INFO     | __main__:omprint:31 - full_url: https://www.kayak.com/rimg/himg/5f/e5/f6/leonardo-2680682-Suite_Carr__d_Or_Hotel_Metropole_MC_StudioPhenix_(2)_O-476645.jpg
2024-07-30 00:21:36.432 | INFO     | __main__:omprint:31 - src: /rimg/himg/08/a0/0a/leonardo-2680682-27_O-511123.jpg?width=836&height=607&crop=true
2024-07-30 00:21:36.432 | INFO     | __main__:omprint:31 - full_url: https://www.kayak.com/rimg/himg/08/a0/0a/leonardo-2680682-27_O-511123.jpg
2024-07-30 00:21:36.438 | INFO     | __main__:omprint:31 - src: /rimg/himg/8e/1d/54/leonardo-83084-176277797-743718.jpg?width=836&height=607&crop=true
2024-07-30 00:21:36.438 | INFO     | __main__:omprint:31 - full_url: https://www.kayak.com/rimg/himg/8e/1d/54/leonardo-83084-176277797-743718.jpg
2024-07-30 00:21:36.444 | INFO     | __main__:omprint:31 - src: /rimg/himg/62/8a/61/leonardo-83084-87211885-078113.jpg?width=836&height=607&crop=true
2024-07-30 00:21:36.445 | INFO     | __main__:omprint:31 - full_url: https://www.kayak.com/rimg/himg/62/8a/61/leonardo-83084-87211885-078113.jpg
2024-07-30 00:21:36.453 | INFO     | __main__:omprint:31 - src: /rimg/himg/de/fb/d0/leonardo-2680682-04_O-132103.jpg?width=836&height=607&crop=true
2024-07-30 00:21:36.453 | INFO     | __main__:omprint:31 - full_url: https://www.kayak.com/rimg/himg/de/fb/d0/leonardo-2680682-04_O-132103.jpg
2024-07-30 00:21:36.459 | INFO     | __main__:omprint:31 - src: /rimg/himg/c8/e7/64/leonardo-2680682-99_O-967031.jpg?width=836&height=607&crop=true
2024-07-30 00:21:36.459 | INFO     | __main__:omprint:31 - full_url: https://www.kayak.com/rimg/himg/c8/e7/64/leonardo-2680682-99_O-967031.jpg
2024-07-30 00:21:36.464 | INFO     | __main__:omprint:31 - src: /rimg/himg/c8/9a/94/leonardo-83084-149060667-850878.jpg?width=836&height=607&crop=true
2024-07-30 00:21:36.465 | INFO     | __main__:omprint:31 - full_url: https://www.kayak.com/rimg/himg/c8/9a/94/leonardo-83084-149060667-850878.jpg
2024-07-30 00:21:36.472 | INFO     | __main__:omprint:31 - src: /rimg/himg/89/88/3c/expedia_group-83084-118477971-612161.jpg?width=836&height=607&crop=true
2024-07-30 00:21:36.472 | INFO     | __main__:omprint:31 - full_url: https://www.kayak.com/rimg/himg/89/88/3c/expedia_group-83084-118477971-612161.jpg
2024-07-30 00:21:36.477 | INFO     | __main__:omprint:31 - src: /rimg/himg/a7/35/43/sembo-83084-89a459-537167.jpg?width=836&height=607&crop=true
2024-07-30 00:21:36.478 | INFO     | __main__:omprint:31 - full_url: https://www.kayak.com/rimg/himg/a7/35/43/sembo-83084-89a459-537167.jpg
2024-07-30 00:21:36.483 | INFO     | __main__:omprint:31 - src: /rimg/himg/52/82/a5/leonardo-2680682-60_O-830190.jpg?width=836&height=607&crop=true
2024-07-30 00:21:36.483 | INFO     | __main__:omprint:31 - full_url: https://www.kayak.com/rimg/himg/52/82/a5/leonardo-2680682-60_O-830190.jpg
2024-07-30 00:21:36.489 | INFO     | __main__:omprint:31 - src: /rimg/himg/27/39/9d/leonardo-83084-161556481-836878.jpg?width=836&height=607&crop=true
2024-07-30 00:21:36.490 | INFO     | __main__:omprint:31 - full_url: https://www.kayak.com/rimg/himg/27/39/9d/leonardo-83084-161556481-836878.jpg
2024-07-30 00:21:36.496 | INFO     | __main__:omprint:31 - src: /rimg/himg/e7/96/af/sembo-83084-40d7a2-273140.jpg?width=836&height=607&crop=true
2024-07-30 00:21:36.497 | INFO     | __main__:omprint:31 - full_url: https://www.kayak.com/rimg/himg/e7/96/af/sembo-83084-40d7a2-273140.jpg
2024-07-30 00:21:36.503 | INFO     | __main__:omprint:31 - src: /rimg/himg/2a/00/c4/leonardo-2680682-Suite_Carr__d_Or_Hotel_Metropole_MC_StudioPhenix_(4)_O-624322.jpg?width=836&height=607&crop=true
2024-07-30 00:21:36.503 | INFO     | __main__:omprint:31 - full_url: https://www.kayak.com/rimg/himg/2a/00/c4/leonardo-2680682-Suite_Carr__d_Or_Hotel_Metropole_MC_StudioPhenix_(4)_O-624322.jpg
2024-07-30 00:21:36.508 | INFO     | __main__:omprint:31 - src: /rimg/himg/64/ed/42/leonardo-1103725-23_O-616257.jpg?width=836&height=607&crop=true
2024-07-30 00:21:36.509 | INFO     | __main__:omprint:31 - full_url: https://www.kayak.com/rimg/himg/64/ed/42/leonardo-1103725-23_O-616257.jpg
2024-07-30 00:21:36.514 | INFO     | __main__:omprint:31 - src: /rimg/himg/ab/1f/a9/leonardo-1103725-09_O-545121.jpg?width=836&height=607&crop=true
2024-07-30 00:21:36.515 | INFO     | __main__:omprint:31 - full_url: https://www.kayak.com/rimg/himg/ab/1f/a9/leonardo-1103725-09_O-545121.jpg
2024-07-30 00:21:36.522 | INFO     | __main__:omprint:31 - src: /rimg/himg/6d/74/be/leonardo-2680682-46_O-457080.jpg?width=836&height=607&crop=true
2024-07-30 00:21:36.522 | INFO     | __main__:omprint:31 - full_url: https://www.kayak.com/rimg/himg/6d/74/be/leonardo-2680682-46_O-457080.jpg
2024-07-30 00:21:36.527 | INFO     | __main__:omprint:31 - src: /rimg/himg/26/df/7a/leonardo-83084-161556577-880069.jpg?width=836&height=607&crop=true
2024-07-30 00:21:36.528 | INFO     | __main__:omprint:31 - full_url: https://www.kayak.com/rimg/himg/26/df/7a/leonardo-83084-161556577-880069.jpg
2024-07-30 00:21:36.535 | INFO     | __main__:omprint:31 - src: /rimg/himg/11/75/b8/leonardo-83084-130655797-126559.jpg?width=836&height=607&crop=true
2024-07-30 00:21:36.536 | INFO     | __main__:omprint:31 - full_url: https://www.kayak.com/rimg/himg/11/75/b8/leonardo-83084-130655797-126559.jpg
2024-07-30 00:21:36.543 | INFO     | __main__:omprint:31 - src: /rimg/himg/b5/16/cd/leonardo-2680682-Odyssey_Hotel_Metropole_MC_StudioPhenix_(18)_O-234069.jpg?width=836&height=607&crop=true
2024-07-30 00:21:36.543 | INFO     | __main__:omprint:31 - full_url: https://www.kayak.com/rimg/himg/b5/16/cd/leonardo-2680682-Odyssey_Hotel_Metropole_MC_StudioPhenix_(18)_O-234069.jpg
2024-07-30 00:21:36.548 | INFO     | __main__:omprint:31 - src: /rimg/himg/0e/4c/4e/leonardo-83084-147026630-432176.jpg?width=836&height=607&crop=true
2024-07-30 00:21:36.549 | INFO     | __main__:omprint:31 - full_url: https://www.kayak.com/rimg/himg/0e/4c/4e/leonardo-83084-147026630-432176.jpg
2024-07-30 00:21:36.554 | INFO     | __main__:omprint:31 - src: /rimg/himg/a2/03/45/leonardo-1103725-19_O-039229.jpg?width=836&height=607&crop=true
2024-07-30 00:21:36.554 | INFO     | __main__:omprint:31 - full_url: https://www.kayak.com/rimg/himg/a2/03/45/leonardo-1103725-19_O-039229.jpg
2024-07-30 00:21:36.560 | INFO     | __main__:omprint:31 - src: /rimg/himg/76/60/ac/sembo-83084-99d8c8-906254.jpg?width=836&height=607&crop=true
2024-07-30 00:21:36.560 | INFO     | __main__:omprint:31 - full_url: https://www.kayak.com/rimg/himg/76/60/ac/sembo-83084-99d8c8-906254.jpg
2024-07-30 00:21:36.567 | INFO     | __main__:omprint:31 - src: /rimg/himg/6c/12/73/leonardo-2680682-54_O-443265.jpg?width=836&height=607&crop=true
2024-07-30 00:21:36.568 | INFO     | __main__:omprint:31 - full_url: https://www.kayak.com/rimg/himg/6c/12/73/leonardo-2680682-54_O-443265.jpg
2024-07-30 00:21:36.573 | INFO     | __main__:omprint:31 - src: /rimg/himg/38/e3/4e/leonardo-2680682-Suite_Carr__d_Or_Hotel_Metropole_MC_StudioPhenix_(3)_O-061824.jpg?width=836&height=607&crop=true
2024-07-30 00:21:36.574 | INFO     | __main__:omprint:31 - full_url: https://www.kayak.com/rimg/himg/38/e3/4e/leonardo-2680682-Suite_Carr__d_Or_Hotel_Metropole_MC_StudioPhenix_(3)_O-061824.jpg
2024-07-30 00:21:36.579 | INFO     | __main__:omprint:31 - src: /rimg/himg/bd/2d/e4/leonardo-2680682-64_O-899391.jpg?width=836&height=607&crop=true
2024-07-30 00:21:36.579 | INFO     | __main__:omprint:31 - full_url: https://www.kayak.com/rimg/himg/bd/2d/e4/leonardo-2680682-64_O-899391.jpg
2024-07-30 00:21:36.586 | INFO     | __main__:omprint:31 - src: /rimg/himg/36/0f/e9/leonardo-83084-87211420-113844.jpg?width=836&height=607&crop=true
2024-07-30 00:21:36.586 | INFO     | __main__:omprint:31 - full_url: https://www.kayak.com/rimg/himg/36/0f/e9/leonardo-83084-87211420-113844.jpg
2024-07-30 00:21:36.593 | INFO     | __main__:omprint:31 - src: /rimg/himg/bf/c6/5d/expedia_group-83084-b61c88-974133.jpg?width=836&height=607&crop=true
2024-07-30 00:21:36.594 | INFO     | __main__:omprint:31 - full_url: https://www.kayak.com/rimg/himg/bf/c6/5d/expedia_group-83084-b61c88-974133.jpg
2024-07-30 00:21:36.599 | INFO     | __main__:omprint:31 - src: /rimg/himg/41/92/77/leonardo-2680682-Galerie_des_portraits_HotelMetropol_O-327210.jpg?width=836&height=607&crop=true
2024-07-30 00:21:36.599 | INFO     | __main__:omprint:31 - full_url: https://www.kayak.com/rimg/himg/41/92/77/leonardo-2680682-Galerie_des_portraits_HotelMetropol_O-327210.jpg
2024-07-30 00:21:36.604 | INFO     | __main__:omprint:31 - src: /rimg/himg/2c/78/c7/leonardo-83084-147026658-477181.jpg?width=836&height=607&crop=true
2024-07-30 00:21:36.605 | INFO     | __main__:omprint:31 - full_url: https://www.kayak.com/rimg/himg/2c/78/c7/leonardo-83084-147026658-477181.jpg
2024-07-30 00:21:36.613 | INFO     | __main__:omprint:31 - src: /rimg/himg/e5/22/52/leonardo-83084-161556599-887707.jpg?width=836&height=607&crop=true
2024-07-30 00:21:36.634 | INFO     | __main__:omprint:31 - full_url: https://www.kayak.com/rimg/himg/e5/22/52/leonardo-83084-161556599-887707.jpg
2024-07-30 00:21:36.641 | INFO     | __main__:omprint:31 - src: /rimg/himg/da/4c/ae/leonardo-2680682-86_O-224245.jpg?width=836&height=607&crop=true
2024-07-30 00:21:36.641 | INFO     | __main__:omprint:31 - full_url: https://www.kayak.com/rimg/himg/da/4c/ae/leonardo-2680682-86_O-224245.jpg
2024-07-30 00:21:37.398 | INFO     | __main__:omprint:31 - Descarga completada.
2024-07-30 00:21:37.398 | INFO     | __main__:omprint:31 - ====================
2024-07-30 00:21:37.398 | INFO     | __main__:omprint:31 - property_image_urls: ['https://www.kayak.com/rimg/himg/79/33/da/leonardo-2680682-89_O-328074.jpg', 'https://www.kayak.com/rimg/himg/e7/b0/d2/leonardo-2680682-Terrasse_nuit_SCO_Hotel_Metropole_MC_W.Pryce_O-492714.jpg']
2024-07-30 00:21:37.398 | INFO     | __main__:omprint:31 - ====================
2024-07-30 00:21:44.179 | INFO     | __main__:omprint:31 - --------------------------------------------
2024-07-30 00:21:44.180 | INFO     | __main__:omprint:31 - {'url': 'https://www.kayak.com/rimg/himg/79/33/da/leonardo-2680682-89_O-328074.jpg', 'description': 'Lush greenery surrounds a serene swimming pool, where elegant loungers invite relaxation under the bright blue sky, while a grand building with intricate architecture looms in the background, enhancing the luxurious atmosphere of this tranquil retreat.'}
2024-07-30 00:21:44.180 | INFO     | __main__:omprint:31 - --------------------------------------------
2024-07-30 00:21:47.932 | INFO     | __main__:omprint:31 - --------------------------------------------
2024-07-30 00:21:47.933 | INFO     | __main__:omprint:31 - {'url': 'https://www.kayak.com/rimg/himg/e7/b0/d2/leonardo-2680682-Terrasse_nuit_SCO_Hotel_Metropole_MC_W.Pryce_O-492714.jpg', 'description': 'Elegant outdoor seating adorned with striped cushions invites relaxation, while a beautifully set dining table hints at an intimate gathering, all under a serene twilight sky that casts a soft glow over the stunning coastal view.'}
2024-07-30 00:21:47.933 | INFO     | __main__:omprint:31 - --------------------------------------------
2024-07-30 00:21:51.905 | INFO     | __main__:omprint:31 - selected_images: [{'url': 'https://www.kayak.com/rimg/himg/79/33/da/leonardo-2680682-89_O-328074.jpg', 'description': "Welcome to the exquisite Hotel Metropole, Monte Carlo, where luxury meets tranquility. Picture yourself lounging by our serene swimming pool, surrounded by lush greenery and the stunning architecture of our grand hotel. This is not just a getaway; it's an invitation to unwind in a paradise designed for relaxation. Immerse yourself in the elegance of our outdoor oasis, where every detail is crafted for your comfort and enjoyment."}, {'url': 'https://www.kayak.com/rimg/himg/e7/b0/d2/leonardo-2680682-Terrasse_nuit_SCO_Hotel_Metropole_MC_W.Pryce_O-492714.jpg', 'description': "As the sun sets, the magic of Hotel Metropole truly comes alive. Imagine dining al fresco on our beautifully set terrace, adorned with plush striped cushions and a breathtaking coastal view. The soft glow of twilight creates an intimate atmosphere perfect for gatherings with loved ones. This is where unforgettable memories are made, and every moment is a celebration of luxury. Don't miss out on the experience of a lifetime—follow @LuxuryRoamers for more stunning content like this!"}]
2024-07-30 00:21:51.907 | INFO     | __main__:omprint:31 - ====================
2024-07-30 00:21:51.908 | INFO     | __main__:omprint:31 - ====================
2024-07-30 00:21:52.199 | INFO     | __main__:omprint:31 - ====================
2024-07-30 00:21:52.201 | INFO     | __main__:omprint:31 - img_filename, audio_filename: ./public/c07f8348-19c0-43eb-bff4-8d6387f7bba4/images/image_0.jpg ./public/c07f8348-19c0-43eb-bff4-8d6387f7bba4/audios/audio_0.mp3
2024-07-30 00:21:52.202 | INFO     | __main__:omprint:31 - Ruta creada: ./public/c07f8348-19c0-43eb-bff4-8d6387f7bba4/images
2024-07-30 00:21:53.586 | INFO     | __main__:omprint:31 - Ruta creada: ./public/c07f8348-19c0-43eb-bff4-8d6387f7bba4/audios
2024-07-30 00:21:53.587 | INFO     | __main__:omprint:31 - get_polly_response: neural Joanna Welcome to the exquisite Hotel Metropole, Monte Carlo, where luxury meets tranquility. Picture yourself lounging by our serene swimming pool, surrounded by lush greenery and the stunning architecture of our grand hotel. This is not just a getaway; it's an invitation to unwind in a paradise designed for relaxation. Immerse yourself in the elegance of our outdoor oasis, where every detail is crafted for your comfort and enjoyment. 100%
2024-07-30 00:21:53.587 | INFO     | __main__:omprint:31 - {'Engine': 'neural', 'LanguageCode': 'en-US', 'VoiceId': 'Joanna', 'Gender': 'Female', 'TextType': 'ssml', 'Newscaster': 'news'}
2024-07-30 00:21:53.683 | INFO     | __main__:omprint:31 - get_polly_response: <speak><prosody rate="100%"><amazon:domain name="news">Welcome to the exquisite Hotel Metropole, Monte Carlo, where luxury meets tranquility. Picture yourself lounging by our serene swimming pool, surrounded by lush greenery and the stunning architecture of our grand hotel. This is not just a getaway; it's an invitation to unwind in a paradise designed for relaxation. Immerse yourself in the elegance of our outdoor oasis, where every detail is crafted for your comfort and enjoyment.</amazon:domain></prosody></speak> ssml Joanna en-US
2024-07-30 00:21:55.782 | INFO     | __main__:omprint:31 - thumb_filename: ./public/c07f8348-19c0-43eb-bff4-8d6387f7bba4/thumbnail/c07f8348-19c0-43eb-bff4-8d6387f7bba4.jpg
2024-07-30 00:21:55.783 | INFO     | __main__:omprint:31 - Ruta creada: ./public/c07f8348-19c0-43eb-bff4-8d6387f7bba4/thumbnail
2024-07-30 00:21:55.783 | INFO     | __main__:omprint:31 - ==========================
2024-07-30 00:21:55.783 | INFO     | __main__:omprint:31 - image_path: ./public/c07f8348-19c0-43eb-bff4-8d6387f7bba4/images/image_0.jpg
2024-07-30 00:21:55.784 | INFO     | __main__:omprint:31 - ==========================
2024-07-30 00:21:56.214 | INFO     | __main__:omprint:31 - img_filename, audio_filename: ./public/c07f8348-19c0-43eb-bff4-8d6387f7bba4/images/image_1.jpg ./public/c07f8348-19c0-43eb-bff4-8d6387f7bba4/audios/audio_1.mp3
2024-07-30 00:21:56.215 | INFO     | __main__:omprint:31 - La ruta ya existe: ./public/c07f8348-19c0-43eb-bff4-8d6387f7bba4/images
2024-07-30 00:21:56.516 | INFO     | __main__:omprint:31 - La ruta ya existe: ./public/c07f8348-19c0-43eb-bff4-8d6387f7bba4/audios
2024-07-30 00:21:56.517 | INFO     | __main__:omprint:31 - get_polly_response: neural Joanna As the sun sets, the magic of Hotel Metropole truly comes alive. Imagine dining al fresco on our beautifully set terrace, adorned with plush striped cushions and a breathtaking coastal view. The soft glow of twilight creates an intimate atmosphere perfect for gatherings with loved ones. This is where unforgettable memories are made, and every moment is a celebration of luxury. Don't miss out on the experience of a lifetime—follow @LuxuryRoamers for more stunning content like this! 100%
2024-07-30 00:21:56.517 | INFO     | __main__:omprint:31 - {'Engine': 'neural', 'LanguageCode': 'en-US', 'VoiceId': 'Joanna', 'Gender': 'Female', 'TextType': 'ssml', 'Newscaster': 'news'}
2024-07-30 00:21:56.667 | INFO     | __main__:omprint:31 - get_polly_response: <speak><prosody rate="100%"><amazon:domain name="news">As the sun sets, the magic of Hotel Metropole truly comes alive. Imagine dining al fresco on our beautifully set terrace, adorned with plush striped cushions and a breathtaking coastal view. The soft glow of twilight creates an intimate atmosphere perfect for gatherings with loved ones. This is where unforgettable memories are made, and every moment is a celebration of luxury. Don't miss out on the experience of a lifetime—follow @LuxuryRoamers for more stunning content like this!</amazon:domain></prosody></speak> ssml Joanna en-US
2024-07-30 00:21:57.976 | INFO     | __main__:omprint:31 - ---------------------------------------------------
2024-07-30 00:21:57.977 | INFO     | __main__:omprint:31 - num_elements, thumb_filename: 2 ./public/c07f8348-19c0-43eb-bff4-8d6387f7bba4/thumbnail/c07f8348-19c0-43eb-bff4-8d6387f7bba4.jpg
2024-07-30 00:21:57.977 | INFO     | __main__:omprint:31 - ---------------------------------------------------
2024-07-30 00:21:57.977 | INFO     | __main__:omprint:31 - Ruta creada: ./public/c07f8348-19c0-43eb-bff4-8d6387f7bba4/videos
2024-07-30 00:21:57.991 | INFO     | __main__:omprint:31 - video_to_upload: https://llfgcl66-8996.use2.devtunnels.ms/c07f8348-19c0-43eb-bff4-8d6387f7bba4/videos/c07f8348-19c0-43eb-bff4-8d6387f7bba4.mp4
2024-07-30 00:21:57.992 | INFO     | __main__:omprint:31 - El script tomó 64.91 segundos en ejecutarse.
2024-07-30 00:22:00.293 | INFO     | __main__:omprint:31 - Estado del video: {'status_code': 'IN_PROGRESS', 'status': 'In Progress: Media is still being processed.', 'id': '18348178384137089'}
2024-07-30 00:22:03.005 | INFO     | __main__:omprint:31 - pending_processes: []
2024-07-30 00:22:03.006 | INFO     | __main__:omprint:31 - No hay más procesos pendientes.
2024-07-30 00:22:10.696 | INFO     | __main__:omprint:31 - Estado del video: {'status_code': 'ERROR', 'status': 'Error: Media upload has failed with error code 2207026', 'id': '18348178384137089'}
2024-07-30 00:22:22.008 | INFO     | __main__:omprint:31 - Estado del video: {'status_code': 'ERROR', 'status': 'Error: Media upload has failed with error code 2207026', 'id': '18348178384137089'}
